This is pdfTeX, Version 3.1415926-2.4-1.40.13 (MiKTeX 2.9) (preloaded format=latex 2012.10.3)  9 JUN 2013 20:54
entering extended mode
**edicao.tex

(C:\Users\Felipe\Documents\GitHub\calculo-diferencial-e-integral-livro\edicao.t
ex
LaTeX2e <2011/06/27>
Babel <v3.8m> and hyphenation patterns for english, afrikaans, ancientgreek, ar
abic, armenian, assamese, basque, bengali, bokmal, bulgarian, catalan, coptic, 
croatian, czech, danish, dutch, esperanto, estonian, farsi, finnish, french, ga
lician, german, german-x-2012-05-30, greek, gujarati, hindi, hungarian, iceland
ic, indonesian, interlingua, irish, italian, kannada, kurmanji, latin, latvian,
 lithuanian, malayalam, marathi, mongolian, mongolianlmc, monogreek, ngerman, n
german-x-2012-05-30, nynorsk, oriya, panjabi, pinyin, polish, portuguese, roman
ian, russian, sanskrit, serbian, slovak, slovenian, spanish, swedish, swissgerm
an, tamil, telugu, turkish, turkmen, ukenglish, ukrainian, uppersorbian, usengl
ishmax, welsh, loaded.
("C:\Program Files (x86)\MiKTeX 2.9\tex\latex\base\report.cls"
Document Class: report 2007/10/19 v1.4h Standard LaTeX document class
("C:\Program Files (x86)\MiKTeX 2.9\tex\latex\base\size12.clo"
File: size12.clo 2007/10/19 v1.4h Standard LaTeX file (size option)
)
\c@part=\count79
\c@chapter=\count80
\c@section=\count81
\c@subsection=\count82
\c@subsubsection=\count83
\c@paragraph=\count84
\c@subparagraph=\count85
\c@figure=\count86
\c@table=\count87
\abovecaptionskip=\skip41
\belowcaptionskip=\skip42
\bibindent=\dimen102
)
("C:\Program Files (x86)\MiKTeX 2.9\tex\latex\graphics\graphicx.sty"
Package: graphicx 1999/02/16 v1.0f Enhanced LaTeX Graphics (DPC,SPQR)

("C:\Program Files (x86)\MiKTeX 2.9\tex\latex\graphics\keyval.sty"
Package: keyval 1999/03/16 v1.13 key=value parser (DPC)
\KV@toks@=\toks14
)
("C:\Program Files (x86)\MiKTeX 2.9\tex\latex\graphics\graphics.sty"
Package: graphics 2009/02/05 v1.0o Standard LaTeX Graphics (DPC,SPQR)

("C:\Program Files (x86)\MiKTeX 2.9\tex\latex\graphics\trig.sty"
Package: trig 1999/03/16 v1.09 sin cos tan (DPC)
)
("C:\Program Files (x86)\MiKTeX 2.9\tex\latex\00miktex\graphics.cfg"
File: graphics.cfg 2007/01/18 v1.5 graphics configuration of teTeX/TeXLive
)
Package graphics Info: Driver file: dvips.def on input line 91.

("C:\Program Files (x86)\MiKTeX 2.9\tex\latex\graphics\dvips.def"
File: dvips.def 1999/02/16 v3.0i Driver-dependant file (DPC,SPQR)
))
\Gin@req@height=\dimen103
\Gin@req@width=\dimen104
)
("C:\Program Files (x86)\MiKTeX 2.9\tex\latex\psnfss\palatino.sty"
Package: palatino 2005/04/12 PSNFSS-v9.2a (SPQR) 
)
("C:\Program Files (x86)\MiKTeX 2.9\tex\latex\psnfss\times.sty"
Package: times 2005/04/12 PSNFSS-v9.2a (SPQR) 
)
("C:\Program Files (x86)\MiKTeX 2.9\tex\latex\amsfonts\amssymb.sty"
Package: amssymb 2009/06/22 v3.00

("C:\Program Files (x86)\MiKTeX 2.9\tex\latex\amsfonts\amsfonts.sty"
Package: amsfonts 2009/06/22 v3.00 Basic AMSFonts support
\@emptytoks=\toks15
\symAMSa=\mathgroup4
\symAMSb=\mathgroup5
LaTeX Font Info:    Overwriting math alphabet `\mathfrak' in version `bold'
(Font)                  U/euf/m/n --> U/euf/b/n on input line 96.
))
("C:\Program Files (x86)\MiKTeX 2.9\tex\latex\ams\math\amstext.sty"
Package: amstext 2000/06/29 v2.01

("C:\Program Files (x86)\MiKTeX 2.9\tex\latex\ams\math\amsgen.sty"
File: amsgen.sty 1999/11/30 v2.0
\@emptytoks=\toks16
\ex@=\dimen105
))
("C:\Program Files (x86)\MiKTeX 2.9\tex\latex\ams\math\amsmath.sty"
Package: amsmath 2000/07/18 v2.13 AMS math features
\@mathmargin=\skip43

For additional information on amsmath, use the `?' option.
("C:\Program Files (x86)\MiKTeX 2.9\tex\latex\ams\math\amsbsy.sty"
Package: amsbsy 1999/11/29 v1.2d
\pmbraise@=\dimen106
)
("C:\Program Files (x86)\MiKTeX 2.9\tex\latex\ams\math\amsopn.sty"
Package: amsopn 1999/12/14 v2.01 operator names
)
\inf@bad=\count88
LaTeX Info: Redefining \frac on input line 211.
\uproot@=\count89
\leftroot@=\count90
LaTeX Info: Redefining \overline on input line 307.
\classnum@=\count91
\DOTSCASE@=\count92
LaTeX Info: Redefining \ldots on input line 379.
LaTeX Info: Redefining \dots on input line 382.
LaTeX Info: Redefining \cdots on input line 467.
\Mathstrutbox@=\box26
\strutbox@=\box27
\big@size=\dimen107
LaTeX Font Info:    Redeclaring font encoding OML on input line 567.
LaTeX Font Info:    Redeclaring font encoding OMS on input line 568.
\macc@depth=\count93
\c@MaxMatrixCols=\count94
\dotsspace@=\muskip10
\c@parentequation=\count95
\dspbrk@lvl=\count96
\tag@help=\toks17
\row@=\count97
\column@=\count98
\maxfields@=\count99
\andhelp@=\toks18
\eqnshift@=\dimen108
\alignsep@=\dimen109
\tagshift@=\dimen110
\tagwidth@=\dimen111
\totwidth@=\dimen112
\lineht@=\dimen113
\@envbody=\toks19
\multlinegap=\skip44
\multlinetaggap=\skip45
\mathdisplay@stack=\toks20
LaTeX Info: Redefining \[ on input line 2666.
LaTeX Info: Redefining \] on input line 2667.
)
("C:\Program Files (x86)\MiKTeX 2.9\tex\latex\ams\classes\amsthm.sty"
Package: amsthm 2004/08/06 v2.20
\thm@style=\toks21
\thm@bodyfont=\toks22
\thm@headfont=\toks23
\thm@notefont=\toks24
\thm@headpunct=\toks25
\thm@preskip=\skip46
\thm@postskip=\skip47
\thm@headsep=\skip48
\dth@everypar=\toks26
)
("C:\Program Files (x86)\MiKTeX 2.9\tex\latex\ms\ragged2e.sty"
Package: ragged2e 2009/05/21 v2.1 ragged2e Package (MS)

("C:\Program Files (x86)\MiKTeX 2.9\tex\latex\ms\everysel.sty"
Package: everysel 2011/10/28 v1.2 EverySelectfont Package (MS)
)
\CenteringLeftskip=\skip49
\RaggedLeftLeftskip=\skip50
\RaggedRightLeftskip=\skip51
\CenteringRightskip=\skip52
\RaggedLeftRightskip=\skip53
\RaggedRightRightskip=\skip54
\CenteringParfillskip=\skip55
\RaggedLeftParfillskip=\skip56
\RaggedRightParfillskip=\skip57
\JustifyingParfillskip=\skip58
\CenteringParindent=\skip59
\RaggedLeftParindent=\skip60
\RaggedRightParindent=\skip61
\JustifyingParindent=\skip62
)
("C:\Program Files (x86)\MiKTeX 2.9\tex\latex\tools\verbatim.sty"
Package: verbatim 2003/08/22 v1.5q LaTeX2e package for verbatim enhancements
\every@verbatim=\toks27
\verbatim@line=\toks28
\verbatim@in@stream=\read1
)
("C:\Program Files (x86)\MiKTeX 2.9\tex\latex\listings\listings.sty"
\lst@mode=\count100
\lst@gtempboxa=\box28
\lst@token=\toks29
\lst@length=\count101
\lst@currlwidth=\dimen114
\lst@column=\count102
\lst@pos=\count103
\lst@lostspace=\dimen115
\lst@width=\dimen116
\lst@newlines=\count104
\lst@lineno=\count105
\lst@maxwidth=\dimen117

("C:\Program Files (x86)\MiKTeX 2.9\tex\latex\listings\lstmisc.sty"
File: lstmisc.sty 2007/02/22 1.4 (Carsten Heinz)
\c@lstnumber=\count106
\lst@skipnumbers=\count107
\lst@framebox=\box29
)
("C:\Program Files (x86)\MiKTeX 2.9\tex\latex\listings\listings.cfg"
File: listings.cfg 2007/02/22 1.4 listings configuration
))
Package: listings 2007/02/22 1.4 (Carsten Heinz)

("C:\Program Files (x86)\MiKTeX 2.9\tex\latex\xcolor\xcolor.sty"
Package: xcolor 2007/01/21 v2.11 LaTeX color extensions (UK)

("C:\Program Files (x86)\MiKTeX 2.9\tex\latex\00miktex\color.cfg"
File: color.cfg 2007/01/18 v1.5 color configuration of teTeX/TeXLive
)
Package xcolor Info: Driver file: dvips.def on input line 225.
Package xcolor Info: Model `cmy' substituted by `cmy0' on input line 1337.
Package xcolor Info: Model `RGB' extended on input line 1353.
Package xcolor Info: Model `HTML' substituted by `rgb' on input line 1355.
Package xcolor Info: Model `Hsb' substituted by `hsb' on input line 1356.
Package xcolor Info: Model `tHsb' substituted by `hsb' on input line 1357.
Package xcolor Info: Model `HSB' substituted by `hsb' on input line 1358.
Package xcolor Info: Model `Gray' substituted by `gray' on input line 1359.
Package xcolor Info: Model `wave' substituted by `hsb' on input line 1360.
)
("C:\Program Files (x86)\MiKTeX 2.9\tex\latex\base\alltt.sty"
Package: alltt 1997/06/16 v2.0g defines alltt environment
)
("C:\Program Files (x86)\MiKTeX 2.9\tex\latex\ltxmisc\relsize.sty"
Package: relsize 2003/07/04 ver 3.1
)
("C:\Program Files (x86)\MiKTeX 2.9\tex\latex\base\inputenc.sty"
Package: inputenc 2008/03/30 v1.1d Input encoding file
\inpenc@prehook=\toks30
\inpenc@posthook=\toks31

("C:\Program Files (x86)\MiKTeX 2.9\tex\latex\base\ansinew.def"
File: ansinew.def 2008/03/30 v1.1d Input encoding file
))
\c@Alg=\count108
\c@Teo=\count109
\c@Obs=\count110
\c@Lem=\count111
\c@Prop=\count112
\c@Def=\count113
\c@Exp=\count114
\c@Exps=\count115
\c@Cor=\count116

No file edicao.aux.
LaTeX Font Info:    Checking defaults for OML/cmm/m/it on input line 69.
LaTeX Font Info:    ... okay on input line 69.
LaTeX Font Info:    Checking defaults for T1/cmr/m/n on input line 69.
LaTeX Font Info:    ... okay on input line 69.
LaTeX Font Info:    Checking defaults for OT1/cmr/m/n on input line 69.
LaTeX Font Info:    ... okay on input line 69.
LaTeX Font Info:    Checking defaults for OMS/cmsy/m/n on input line 69.
LaTeX Font Info:    ... okay on input line 69.
LaTeX Font Info:    Checking defaults for OMX/cmex/m/n on input line 69.
LaTeX Font Info:    ... okay on input line 69.
LaTeX Font Info:    Checking defaults for U/cmr/m/n on input line 69.
LaTeX Font Info:    ... okay on input line 69.
LaTeX Font Info:    Try loading font information for OT1+ptm on input line 69.
("C:\Program Files (x86)\MiKTeX 2.9\tex\latex\psnfss\ot1ptm.fd"
File: ot1ptm.fd 2001/06/04 font definitions for OT1/ptm.
)
ABD: EverySelectfont initializing macros
LaTeX Info: Redefining \selectfont on input line 69.
\c@lstlisting=\count117
LaTeX Font Info:    Try loading font information for U+msa on input line 76.

("C:\Program Files (x86)\MiKTeX 2.9\tex\latex\amsfonts\umsa.fd"
File: umsa.fd 2009/06/22 v3.00 AMS symbols A
)
LaTeX Font Info:    Try loading font information for U+msb on input line 76.

("C:\Program Files (x86)\MiKTeX 2.9\tex\latex\amsfonts\umsb.fd"
File: umsb.fd 2009/06/22 v3.00 AMS symbols B
) [1

]
Overfull \hbox (30.15074pt too wide) detected at line 230
\OT1/cmr/m/n/12 (\OML/cmm/m/it/12 f \OMS/cmsy/m/n/12  \OML/cmm/m/it/12 g\OT1/c
mr/m/n/12 )(\OML/cmm/m/it/12 x\OT1/cmr/m/n/12 ) = []  (\OML/cmm/m/it/12 f \OMS/
cmsy/m/n/12  \OML/cmm/m/it/12 g\OT1/cmr/m/n/12 )(\OML/cmm/m/it/12 x\OT1/cmr/m/
n/12 ) = []
 []


Overfull \hbox (11.46477pt too wide) in paragraph at lines 235--242
\OT1/ptm/m/n/12 latexmath:[$[]\OT1/cmr/m/n/12 (\OML/cmm/m/it/12 g\OT1/cmr/m/n/1
2 )$\OT1/ptm/m/n/12 ] e latexmath:[$[]\OT1/cmr/m/n/12 (\OML/cmm/m/it/12 h\OT1/c
mr/m/n/12 )$\OT1/ptm/m/n/12 ], re-spec-ti-va-mente. Ent[]ao se ver-i-fica: .. l
atexmath:[$\OT1/cmr/m/n/12 (\OML/cmm/m/it/12 f \OMS/cmsy/m/n/12 
 []

[2]
Overfull \hbox (13.9874pt too wide) in paragraph at lines 243--246
[]\OT1/ptm/m/n/12 e in-je-tiva, ex-is-tem pele menos dois el-e-men-tos latexmat
h:[$\OML/cmm/m/it/12 x[]; x[] \OMS/cmsy/m/n/12 2 \OML/cmm/m/it/12 A$\OT1/ptm/m/
n/12 ] tais que latexmath:[$\OT1/cmr/m/n/12 (\OML/cmm/m/it/12 x[]; y\OT1/cmr/m/
n/12 ) \OMS/cmsy/m/n/12 2
 []


Overfull \hbox (9.5193pt too wide) in paragraph at lines 259--264
\OT1/ptm/m/n/12 latexmath:[$[]\OT1/cmr/m/n/12 (\OML/cmm/m/it/12 f[]\OT1/cmr/m/n
/12 ) = [](\OML/cmm/m/it/12 f\OT1/cmr/m/n/12 )$\OT1/ptm/m/n/12 ] e latexmath:[$
[]\OT1/cmr/m/n/12 (\OML/cmm/m/it/12 f[]\OT1/cmr/m/n/12 ) = [](\OML/cmm/m/it/12 
f\OT1/cmr/m/n/12 )$\OT1/ptm/m/n/12 ] .. Uma fun[][]ao latexmath:[$\OML/cmm/m/it
/12 f$\OT1/ptm/m/n/12 ]
 []


Overfull \hbox (25.72614pt too wide) in paragraph at lines 265--266
[][]\OT1/ptm/m/n/12 .. Se latexmath:[$\OML/cmm/m/it/12 f$\OT1/ptm/m/n/12 ] []e 
uma fun[][]ao real que tem fun[][]ao in-versa, ent[]ao os gr[]aficos de latexma
th:[$\OML/cmm/m/it/12 y \OT1/cmr/m/n/12 =
 []


Overfull \hbox (2.61699pt too wide) in paragraph at lines 269--271
\OT1/ptm/m/n/12 latexmath:[$\OML/cmm/m/it/12 y \OT1/cmr/m/n/12 = \OML/cmm/m/it/
12 f[]\OT1/cmr/m/n/12 (\OML/cmm/m/it/12 x\OT1/cmr/m/n/12 )$\OT1/ptm/m/n/12 ], t
ro-cando as vari[]aveis latexmath:[$\OML/cmm/m/it/12 x$\OT1/ptm/m/n/12 ] e late
xmath:[$\OML/cmm/m/it/12 y$\OT1/ptm/m/n/12 ] em latexmath:[$\OML/cmm/m/it/12 x 
\OT1/cmr/m/n/12 =
 []

[3]
Overfull \hbox (26.24847pt too wide) in paragraph at lines 272--275
\OT1/ptm/m/n/12 latexmath:[$\OML/cmm/m/it/12 y \OT1/cmr/m/n/12 = 5\OML/cmm/m/it
/12 x \OMS/cmsy/m/n/12   \OT1/cmr/m/n/12 3$\OT1/ptm/m/n/12 ], latexmath:[$\OML/
cmm/m/it/12 x \OMS/cmsy/m/n/12 2 \OT1/cmr/m/n/12 [0\OML/cmm/m/it/12 ; \OT1/cmr/
m/n/12 6]$\OT1/ptm/m/n/12 ]. De-spe-jamos a vari[]avel latexmath:[$\OML/cmm/m/i
t/12 x$\OT1/ptm/m/n/12 ]: latexmath:[$\OML/cmm/m/it/12 x \OT1/cmr/m/n/12 =
 []


Overfull \hbox (56.77042pt too wide) in paragraph at lines 277--280
\OT1/ptm/m/n/12 por latexmath:[$\OML/cmm/m/it/12 y$\OT1/ptm/m/n/12 ] isto []e l
atexmath:[$\OML/cmm/m/it/12 y \OT1/cmr/m/n/12 = []$\OT1/ptm/m/n/12 ], para late
xmath:[$\OML/cmm/m/it/12 x \OMS/cmsy/m/n/12 2 \OT1/cmr/m/n/12 [\OMS/cmsy/m/n/12
  \OT1/cmr/m/n/12 3\OML/cmm/m/it/12 ; \OT1/cmr/m/n/12 27]$\OT1/ptm/m/n/12 ]. Po
r-tanto latexmath:[$\OML/cmm/m/it/12 f[]\OT1/cmr/m/n/12 (\OML/cmm/m/it/12 x\OT1
/cmr/m/n/12 ) =
 []

[4]
(C:\Users\Felipe\Documents\GitHub\calculo-diferencial-e-integral-livro\edicao.a
ux) ) 
Here is how much of TeX's memory you used:
 3645 strings out of 493922
 47025 string characters out of 3144896
 110224 words of memory out of 3000000
 6910 multiletter control sequences out of 15000+200000
 8792 words of font info for 33 fonts, out of 3000000 for 9000
 841 hyphenation exceptions out of 8191
 26i,7n,35p,590b,219s stack positions out of 5000i,500n,10000p,200000b,50000s

Output written on edicao.dvi (4 pages, 18076 bytes).
